2024-10-31 21:03:43:343 - [32minfo[39m: [32mAplicação está funcionando na porta: 3000[39m
2024-10-31 21:04:19:419 - [32minfo[39m: [32mAplicação está funcionando na porta: 3000[39m
2024-10-31 21:04:34:434 - [32minfo[39m: [32mAplicação está funcionando na porta: 3000[39m
2024-10-31 21:05:32:532 - [32minfo[39m: [32mConectou ao banco de dados![39m
2024-10-31 21:05:32:532 - [32minfo[39m: [32mAplicação está funcionando na porta: 3000[39m
2024-10-31 21:05:38:538 - [32minfo[39m: [32mConectou ao banco de dados![39m
2024-10-31 21:05:38:538 - [32minfo[39m: [32mAplicação está funcionando na porta: 3000[39m
2024-10-31 21:05:41:541 - [32minfo[39m: [32mConectou ao banco de dados![39m
2024-10-31 21:05:41:541 - [32minfo[39m: [32mAplicação está funcionando na porta: 3000[39m
2024-10-31 21:05:55:555 - [32minfo[39m: [32mConectou ao banco de dados![39m
2024-10-31 21:05:55:555 - [32minfo[39m: [32mAplicação está funcionando na porta: 3000[39m
2024-10-31 21:06:48:648 - [32minfo[39m: [32mConectou ao banco de dados![39m
2024-10-31 21:06:48:648 - [32minfo[39m: [32mAplicação está funcionando na porta: 3000[39m
2024-10-31 21:07:16:716 - [32minfo[39m: [32mConectou ao banco de dados![39m
2024-10-31 21:07:16:716 - [32minfo[39m: [32mAplicação está funcionando na porta: 3000[39m
2024-10-31 21:08:02:82 - [32minfo[39m: [32mConectou ao banco de dados![39m
2024-10-31 21:08:02:82 - [32minfo[39m: [32mAplicação está funcionando na porta: 3000[39m
2024-10-31 21:14:06:146 - [31merror[39m: [31mNão foi possível conectar![39m
2024-10-31 21:16:30:1630 - [32minfo[39m: [32mConectou ao banco de dados![39m
2024-10-31 21:16:30:1630 - [32minfo[39m: [32mAplicação está funcionando na porta: 3000[39m
2024-10-31 21:26:04:264 - [32minfo[39m: [32mConectou ao banco de dados![39m
2024-10-31 21:26:04:264 - [32minfo[39m: [32mAplicação está funcionando na porta: 3000[39m
2024-10-31 21:26:19:2619 - [32minfo[39m: [32mConectou ao banco de dados![39m
2024-10-31 21:26:19:2619 - [32minfo[39m: [32mAplicação está funcionando na porta: 3000[39m
2024-10-31 21:26:30:2630 - [32minfo[39m: [32mConectou ao banco de dados![39m
2024-10-31 21:26:30:2630 - [32minfo[39m: [32mAplicação está funcionando na porta: 3000[39m
2024-10-31 21:26:40:2640 - [32minfo[39m: [32mConectou ao banco de dados![39m
2024-10-31 21:26:40:2640 - [32minfo[39m: [32mAplicação está funcionando na porta: 3000[39m
2024-10-31 21:26:43:2643 - [32minfo[39m: [32mConectou ao banco de dados![39m
2024-10-31 21:26:43:2643 - [32minfo[39m: [32mAplicação está funcionando na porta: 3000[39m
2024-10-31 21:26:56:2656 - [32minfo[39m: [32mConectou ao banco de dados![39m
2024-10-31 21:27:01:271 - [32minfo[39m: [32mAplicação está funcionando na porta: 3000[39m
2024-10-31 21:27:15:2715 - [32minfo[39m: [32mConectou ao banco de dados![39m
2024-10-31 21:27:15:2715 - [32minfo[39m: [32mAplicação está funcionando na porta: 3000[39m
2024-10-31 21:28:15:2815 - [35mhttp[39m: [35mGET /api/test 200 13 - 21.015 ms[39m
[35m[39m
2024-10-31 21:40:52:4052 - [32minfo[39m: [32mConectou ao banco de dados![39m
2024-10-31 21:40:52:4052 - [32minfo[39m: [32mAplicação está funcionando na porta: 3000[39m
2024-10-31 21:40:59:4059 - [32minfo[39m: [32mConectou ao banco de dados![39m
2024-10-31 21:40:59:4059 - [32minfo[39m: [32mAplicação está funcionando na porta: 3000[39m
2024-10-31 21:41:03:413 - [32minfo[39m: [32mConectou ao banco de dados![39m
2024-10-31 21:41:03:413 - [32minfo[39m: [32mAplicação está funcionando na porta: 3000[39m
2024-10-31 21:43:54:4354 - [35mhttp[39m: [35mGET /api/movie 404 148 - 14.087 ms[39m
[35m[39m
2024-10-31 21:43:56:4356 - [35mhttp[39m: [35mGET /api/movie 404 148 - 2.876 ms[39m
[35m[39m
2024-10-31 21:44:46:4446 - [32minfo[39m: [32mConectou ao banco de dados![39m
2024-10-31 21:44:46:4446 - [32minfo[39m: [32mAplicação está funcionando na porta: 3000[39m
2024-10-31 21:44:53:4453 - [32minfo[39m: [32mConectou ao banco de dados![39m
2024-10-31 21:44:53:4453 - [32minfo[39m: [32mAplicação está funcionando na porta: 3000[39m
2024-10-31 21:45:55:4555 - [32minfo[39m: [32mConectou ao banco de dados![39m
2024-10-31 21:45:55:4555 - [32minfo[39m: [32mAplicação está funcionando na porta: 3000[39m
2024-10-31 21:46:02:462 - [32minfo[39m: [32mConectou ao banco de dados![39m
2024-10-31 21:46:02:462 - [32minfo[39m: [32mAplicação está funcionando na porta: 3000[39m
2024-10-31 21:48:11:4811 - [32minfo[39m: [32mConectou ao banco de dados![39m
2024-10-31 21:48:11:4811 - [32minfo[39m: [32mAplicação está funcionando na porta: 3000[39m
2024-10-31 21:49:18:4918 - [32minfo[39m: [32mConectou ao banco de dados![39m
2024-10-31 21:49:18:4918 - [32minfo[39m: [32mAplicação está funcionando na porta: 3000[39m
2024-10-31 21:49:25:4925 - [32minfo[39m: [32mConectou ao banco de dados![39m
2024-10-31 21:49:25:4925 - [32minfo[39m: [32mAplicação está funcionando na porta: 3000[39m
2024-10-31 21:49:37:4937 - [35mhttp[39m: [35mGET /api/movie 404 148 - 5.416 ms[39m
[35m[39m
2024-10-31 21:49:39:4939 - [35mhttp[39m: [35mGET /api/movie 404 148 - 0.846 ms[39m
[35m[39m
2024-10-31 21:49:45:4945 - [35mhttp[39m: [35mPOST /api/movie 200 22 - 6.979 ms[39m
[35m[39m
2024-10-31 22:11:53:1153 - [32minfo[39m: [32mConectou ao banco de dados![39m
2024-10-31 22:11:53:1153 - [32minfo[39m: [32mAplicação está funcionando na porta: 3000[39m
2024-10-31 22:12:05:125 - [32minfo[39m: [32mConectou ao banco de dados![39m
2024-10-31 22:12:05:125 - [32minfo[39m: [32mAplicação está funcionando na porta: 3000[39m
2024-10-31 22:12:14:1214 - [32minfo[39m: [32mConectou ao banco de dados![39m
2024-10-31 22:12:23:1223 - [32minfo[39m: [32mConectou ao banco de dados![39m
2024-10-31 22:12:23:1223 - [32minfo[39m: [32mAplicação está funcionando na porta: 3000[39m
2024-10-31 22:12:37:1237 - [32minfo[39m: [32mConectou ao banco de dados![39m
2024-10-31 22:12:37:1237 - [32minfo[39m: [32mAplicação está funcionando na porta: 3000[39m
2024-10-31 22:13:13:1313 - [32minfo[39m: [32mConectou ao banco de dados![39m
2024-10-31 22:13:13:1313 - [32minfo[39m: [32mAplicação está funcionando na porta: 3000[39m
2024-10-31 22:14:35:1435 - [35mhttp[39m: [35mPOST /api/movie 201 155 - 128.045 ms[39m
[35m[39m
2024-10-31 22:27:51:2751 - [32minfo[39m: [32mConectou ao banco de dados![39m
2024-10-31 22:27:51:2751 - [32minfo[39m: [32mAplicação está funcionando na porta: 3000[39m
2024-10-31 22:27:58:2758 - [32minfo[39m: [32mConectou ao banco de dados![39m
2024-10-31 22:27:58:2758 - [32minfo[39m: [32mAplicação está funcionando na porta: 3000[39m
2024-10-31 22:28:40:2840 - [35mhttp[39m: [35mPOST /api/movie 201 155 - 104.134 ms[39m
[35m[39m
2024-10-31 22:35:12:3512 - [32minfo[39m: [32mConectou ao banco de dados![39m
2024-10-31 22:35:12:3512 - [32minfo[39m: [32mAplicação está funcionando na porta: 3000[39m
2024-10-31 22:35:36:3536 - [32minfo[39m: [32mConectou ao banco de dados![39m
2024-10-31 22:35:36:3536 - [32minfo[39m: [32mAplicação está funcionando na porta: 3000[39m
2024-10-31 22:35:52:3552 - [35mhttp[39m: [35mPOST /api/movie 201 155 - 118.981 ms[39m
[35m[39m
2024-10-31 22:35:59:3559 - [35mhttp[39m: [35mPOST /api/movie 422 60 - 2.562 ms[39m
[35m[39m
2024-10-31 22:36:39:3639 - [32minfo[39m: [32mConectou ao banco de dados![39m
2024-10-31 22:36:39:3639 - [32minfo[39m: [32mAplicação está funcionando na porta: 3000[39m
2024-10-31 22:37:11:3711 - [32minfo[39m: [32mConectou ao banco de dados![39m
2024-10-31 22:37:11:3711 - [32minfo[39m: [32mAplicação está funcionando na porta: 3000[39m
2024-10-31 22:37:35:3735 - [32minfo[39m: [32mConectou ao banco de dados![39m
2024-10-31 22:37:35:3735 - [32minfo[39m: [32mAplicação está funcionando na porta: 3000[39m
2024-10-31 22:38:58:3858 - [32minfo[39m: [32mConectou ao banco de dados![39m
2024-10-31 22:38:58:3858 - [32minfo[39m: [32mAplicação está funcionando na porta: 3000[39m
2024-10-31 22:39:15:3915 - [32minfo[39m: [32mConectou ao banco de dados![39m
2024-10-31 22:39:15:3915 - [32minfo[39m: [32mAplicação está funcionando na porta: 3000[39m
2024-10-31 22:39:38:3938 - [32minfo[39m: [32mConectou ao banco de dados![39m
2024-10-31 22:39:38:3938 - [32minfo[39m: [32mAplicação está funcionando na porta: 3000[39m
2024-10-31 22:40:06:406 - [32minfo[39m: [32mConectou ao banco de dados![39m
2024-10-31 22:40:06:406 - [32minfo[39m: [32mAplicação está funcionando na porta: 3000[39m
2024-10-31 22:40:13:4013 - [32minfo[39m: [32mConectou ao banco de dados![39m
2024-10-31 22:40:13:4013 - [32minfo[39m: [32mAplicação está funcionando na porta: 3000[39m
2024-10-31 22:40:25:4025 - [32minfo[39m: [32mConectou ao banco de dados![39m
2024-10-31 22:40:25:4025 - [32minfo[39m: [32mAplicação está funcionando na porta: 3000[39m
2024-10-31 22:40:43:4043 - [35mhttp[39m: [35mPOST /api/movie 422 127 - 23.247 ms[39m
[35m[39m
2024-10-31 22:40:48:4048 - [35mhttp[39m: [35mPOST /api/movie 422 79 - 2.056 ms[39m
[35m[39m
2024-10-31 22:42:28:4228 - [32minfo[39m: [32mConectou ao banco de dados![39m
2024-10-31 22:42:28:4228 - [32minfo[39m: [32mAplicação está funcionando na porta: 3000[39m
2024-10-31 22:42:36:4236 - [32minfo[39m: [32mConectou ao banco de dados![39m
2024-10-31 22:42:36:4236 - [32minfo[39m: [32mAplicação está funcionando na porta: 3000[39m
2024-10-31 22:43:10:4310 - [32minfo[39m: [32mConectou ao banco de dados![39m
2024-10-31 22:43:10:4310 - [32minfo[39m: [32mAplicação está funcionando na porta: 3000[39m
2024-10-31 22:44:44:4444 - [35mhttp[39m: [35mPOST /api/movie 422 113 - 30.915 ms[39m
[35m[39m
2024-10-31 22:44:51:4451 - [35mhttp[39m: [35mPOST /api/movie 422 79 - 12.573 ms[39m
[35m[39m
2024-10-31 22:45:11:4511 - [35mhttp[39m: [35mPOST /api/movie 422 43 - 4.004 ms[39m
[35m[39m
2024-10-31 22:45:50:4550 - [35mhttp[39m: [35mPOST /api/movie 201 1098 - 266.067 ms[39m
[35m[39m
2024-11-01 19:18:02:182 - [32minfo[39m: [32mConectou ao banco de dados![39m
2024-11-01 19:18:02:182 - [32minfo[39m: [32mAplicação está funcionando na porta: 3000[39m
2024-11-01 19:18:36:1836 - [32minfo[39m: [32mConectou ao banco de dados![39m
2024-11-01 19:18:36:1836 - [32minfo[39m: [32mAplicação está funcionando na porta: 3000[39m
2024-11-01 19:18:46:1846 - [32minfo[39m: [32mConectou ao banco de dados![39m
2024-11-01 19:18:46:1846 - [32minfo[39m: [32mAplicação está funcionando na porta: 3000[39m
2024-11-01 19:18:54:1854 - [32minfo[39m: [32mConectou ao banco de dados![39m
2024-11-01 19:18:54:1854 - [32minfo[39m: [32mAplicação está funcionando na porta: 3000[39m
2024-11-01 19:19:03:193 - [32minfo[39m: [32mConectou ao banco de dados![39m
2024-11-01 19:19:05:195 - [32minfo[39m: [32mAplicação está funcionando na porta: 3000[39m
2024-11-01 19:19:19:1919 - [32minfo[39m: [32mConectou ao banco de dados![39m
2024-11-01 19:19:19:1919 - [32minfo[39m: [32mAplicação está funcionando na porta: 3000[39m
2024-11-01 19:19:31:1931 - [32minfo[39m: [32mConectou ao banco de dados![39m
2024-11-01 19:19:31:1931 - [32minfo[39m: [32mAplicação está funcionando na porta: 3000[39m
2024-11-01 19:19:48:1948 - [32minfo[39m: [32mConectou ao banco de dados![39m
2024-11-01 19:19:48:1948 - [32minfo[39m: [32mAplicação está funcionando na porta: 3000[39m
2024-11-01 19:19:52:1952 - [32minfo[39m: [32mConectou ao banco de dados![39m
2024-11-01 19:19:52:1952 - [32minfo[39m: [32mAplicação está funcionando na porta: 3000[39m
2024-11-01 19:20:37:2037 - [32minfo[39m: [32mConectou ao banco de dados![39m
2024-11-01 19:20:37:2037 - [32minfo[39m: [32mAplicação está funcionando na porta: 3000[39m
2024-11-01 19:20:45:2045 - [32minfo[39m: [32mConectou ao banco de dados![39m
2024-11-01 19:20:45:2045 - [32minfo[39m: [32mAplicação está funcionando na porta: 3000[39m
2024-11-01 19:20:51:2051 - [32minfo[39m: [32mConectou ao banco de dados![39m
2024-11-01 19:20:51:2051 - [32minfo[39m: [32mAplicação está funcionando na porta: 3000[39m
2024-11-01 19:21:09:219 - [32minfo[39m: [32mConectou ao banco de dados![39m
2024-11-01 19:21:09:219 - [32minfo[39m: [32mAplicação está funcionando na porta: 3000[39m
2024-11-01 19:22:22:2222 - [32minfo[39m: [32mConectou ao banco de dados![39m
2024-11-01 19:22:22:2222 - [32minfo[39m: [32mAplicação está funcionando na porta: 3000[39m
2024-11-01 19:22:36:2236 - [32minfo[39m: [32mConectou ao banco de dados![39m
2024-11-01 19:22:36:2236 - [32minfo[39m: [32mAplicação está funcionando na porta: 3000[39m
2024-11-01 19:23:00:230 - [32minfo[39m: [32mConectou ao banco de dados![39m
2024-11-01 19:23:00:230 - [32minfo[39m: [32mAplicação está funcionando na porta: 3000[39m
2024-11-01 19:23:09:239 - [32minfo[39m: [32mConectou ao banco de dados![39m
2024-11-01 19:23:09:239 - [32minfo[39m: [32mAplicação está funcionando na porta: 3000[39m
2024-11-01 19:23:14:2314 - [32minfo[39m: [32mConectou ao banco de dados![39m
2024-11-01 19:23:14:2314 - [32minfo[39m: [32mAplicação está funcionando na porta: 3000[39m
2024-11-01 19:25:48:2548 - [35mhttp[39m: [35mGET /api/movie/67242b7bc923126ef526bfce 200 155 - 181.816 ms[39m
[35m[39m
2024-11-01 19:25:53:2553 - [31merror[39m: [31mErro no sistema: Cast to ObjectId failed for value "67242b7bc923126ef526bfces" (type string) at path "_id" for model "Movie"[39m
2024-11-01 19:26:46:2646 - [32minfo[39m: [32mConectou ao banco de dados![39m
2024-11-01 19:26:46:2646 - [32minfo[39m: [32mAplicação está funcionando na porta: 3000[39m
2024-11-01 19:26:46:2646 - [31merror[39m: [31mErro no sistema: Cast to ObjectId failed for value "67242b7bc923126ef526bfces" (type string) at path "_id" for model "Movie"[39m
2024-11-01 19:27:14:2714 - [35mhttp[39m: [35mGET /api/movie/67242b7bc923126ef526bfces - - - - ms[39m
[35m[39m
2024-11-01 19:27:16:2716 - [31merror[39m: [31mErro no sistema: Cast to ObjectId failed for value "67242b7bc923126ef526bfces" (type string) at path "_id" for model "Movie"[39m
2024-11-01 19:28:09:289 - [32minfo[39m: [32mConectou ao banco de dados![39m
2024-11-01 19:28:09:289 - [32minfo[39m: [32mAplicação está funcionando na porta: 3000[39m
2024-11-01 19:28:13:2813 - [31merror[39m: [31mErro no sistema: Cast to ObjectId failed for value "67242b7bc923126ef526bfces" (type string) at path "_id" for model "Movie"[39m
2024-11-01 19:28:27:2827 - [35mhttp[39m: [35mGET /api/movie/67242b7bc923126ef526bfces - - - - ms[39m
[35m[39m
2024-11-01 19:28:59:2859 - [35mhttp[39m: [35mGET /api/movie/67242b7bc923126ef526bfce 200 155 - 163.651 ms[39m
[35m[39m
2024-11-01 19:29:02:292 - [31merror[39m: [31mErro no sistema: Cast to ObjectId failed for value "67242b7bc923126ef526bfceb" (type string) at path "_id" for model "Movie"[39m
2024-11-01 19:29:08:298 - [35mhttp[39m: [35mGET /api/movie/67242b7bc923126ef526bfceb - - - - ms[39m
[35m[39m
2024-11-01 19:29:51:2951 - [32minfo[39m: [32mConectou ao banco de dados![39m
2024-11-01 19:29:51:2951 - [32minfo[39m: [32mAplicação está funcionando na porta: 3000[39m
2024-11-01 19:29:58:2958 - [32minfo[39m: [32mConectou ao banco de dados![39m
2024-11-01 19:29:58:2958 - [32minfo[39m: [32mAplicação está funcionando na porta: 3000[39m
2024-11-01 19:30:08:308 - [32minfo[39m: [32mConectou ao banco de dados![39m
2024-11-01 19:30:08:308 - [32minfo[39m: [32mAplicação está funcionando na porta: 3000[39m
2024-11-01 19:30:28:3028 - [32minfo[39m: [32mConectou ao banco de dados![39m
2024-11-01 19:30:28:3028 - [32minfo[39m: [32mAplicação está funcionando na porta: 3000[39m
2024-11-01 19:30:36:3036 - [32minfo[39m: [32mConectou ao banco de dados![39m
2024-11-01 19:30:36:3036 - [32minfo[39m: [32mAplicação está funcionando na porta: 3000[39m
2024-11-01 19:30:42:3042 - [32minfo[39m: [32mConectou ao banco de dados![39m
2024-11-01 19:30:42:3042 - [32minfo[39m: [32mAplicação está funcionando na porta: 3000[39m
2024-11-01 19:30:51:3051 - [32minfo[39m: [32mConectou ao banco de dados![39m
2024-11-01 19:30:51:3051 - [32minfo[39m: [32mAplicação está funcionando na porta: 3000[39m
2024-11-01 19:30:57:3057 - [32minfo[39m: [32mConectou ao banco de dados![39m
2024-11-01 19:30:57:3057 - [32minfo[39m: [32mAplicação está funcionando na porta: 3000[39m
2024-11-01 19:31:37:3137 - [32minfo[39m: [32mConectou ao banco de dados![39m
2024-11-01 19:31:37:3137 - [32minfo[39m: [32mAplicação está funcionando na porta: 3000[39m
2024-11-01 19:31:45:3145 - [32minfo[39m: [32mConectou ao banco de dados![39m
2024-11-01 19:31:45:3145 - [32minfo[39m: [32mAplicação está funcionando na porta: 3000[39m
2024-11-01 19:32:09:329 - [35mhttp[39m: [35mGET /api/movie 200 1568 - 162.145 ms[39m
[35m[39m
2024-11-01 19:32:45:3245 - [32minfo[39m: [32mConectou ao banco de dados![39m
2024-11-01 19:32:46:3246 - [32minfo[39m: [32mAplicação está funcionando na porta: 3000[39m
2024-11-01 19:36:19:3619 - [32minfo[39m: [32mConectou ao banco de dados![39m
2024-11-01 19:36:19:3619 - [32minfo[39m: [32mAplicação está funcionando na porta: 3000[39m
2024-11-01 19:36:33:3633 - [32minfo[39m: [32mConectou ao banco de dados![39m
2024-11-01 19:36:33:3633 - [32minfo[39m: [32mAplicação está funcionando na porta: 3000[39m
2024-11-01 19:36:49:3649 - [32minfo[39m: [32mConectou ao banco de dados![39m
2024-11-01 19:36:49:3649 - [32minfo[39m: [32mAplicação está funcionando na porta: 3000[39m
2024-11-01 19:36:52:3652 - [32minfo[39m: [32mConectou ao banco de dados![39m
2024-11-01 19:36:52:3652 - [32minfo[39m: [32mAplicação está funcionando na porta: 3000[39m
2024-11-01 19:37:29:3729 - [32minfo[39m: [32mConectou ao banco de dados![39m
2024-11-01 19:37:29:3729 - [32minfo[39m: [32mAplicação está funcionando na porta: 3000[39m
2024-11-01 19:37:41:3741 - [32minfo[39m: [32mConectou ao banco de dados![39m
2024-11-01 19:37:41:3741 - [32minfo[39m: [32mAplicação está funcionando na porta: 3000[39m
2024-11-01 19:37:46:3746 - [32minfo[39m: [32mConectou ao banco de dados![39m
2024-11-01 19:37:46:3746 - [32minfo[39m: [32mAplicação está funcionando na porta: 3000[39m
2024-11-01 19:37:54:3754 - [32minfo[39m: [32mConectou ao banco de dados![39m
2024-11-01 19:37:54:3754 - [32minfo[39m: [32mAplicação está funcionando na porta: 3000[39m
2024-11-01 19:38:11:3811 - [32minfo[39m: [32mConectou ao banco de dados![39m
2024-11-01 19:38:11:3811 - [32minfo[39m: [32mAplicação está funcionando na porta: 3000[39m
2024-11-01 19:38:18:3818 - [32minfo[39m: [32mConectou ao banco de dados![39m
2024-11-01 19:38:18:3818 - [32minfo[39m: [32mAplicação está funcionando na porta: 3000[39m
2024-11-01 19:38:23:3823 - [32minfo[39m: [32mConectou ao banco de dados![39m
2024-11-01 19:38:23:3823 - [32minfo[39m: [32mAplicação está funcionando na porta: 3000[39m
2024-11-01 19:38:26:3826 - [32minfo[39m: [32mConectou ao banco de dados![39m
2024-11-01 19:38:26:3826 - [32minfo[39m: [32mAplicação está funcionando na porta: 3000[39m
2024-11-01 19:38:38:3838 - [32minfo[39m: [32mConectou ao banco de dados![39m
2024-11-01 19:38:38:3838 - [32minfo[39m: [32mAplicação está funcionando na porta: 3000[39m
2024-11-01 19:38:42:3842 - [32minfo[39m: [32mConectou ao banco de dados![39m
2024-11-01 19:38:42:3842 - [32minfo[39m: [32mAplicação está funcionando na porta: 3000[39m
2024-11-01 19:38:49:3849 - [32minfo[39m: [32mConectou ao banco de dados![39m
2024-11-01 19:38:49:3849 - [32minfo[39m: [32mAplicação está funcionando na porta: 3000[39m
2024-11-01 19:38:53:3853 - [32minfo[39m: [32mConectou ao banco de dados![39m
2024-11-01 19:38:53:3853 - [32minfo[39m: [32mAplicação está funcionando na porta: 3000[39m
2024-11-01 19:39:07:397 - [32minfo[39m: [32mConectou ao banco de dados![39m
2024-11-01 19:39:07:397 - [32minfo[39m: [32mAplicação está funcionando na porta: 3000[39m
2024-11-01 19:39:56:3956 - [35mhttp[39m: [35mDELETE /api/movie/67242b7bc923126ef526bfceb 404 177 - 15.641 ms[39m
[35m[39m
2024-11-01 19:39:58:3958 - [35mhttp[39m: [35mDELETE /api/movie/67242b7bc923126ef526bfceb 404 177 - 1.985 ms[39m
[35m[39m
2024-11-01 19:39:59:3959 - [35mhttp[39m: [35mDELETE /api/movie/67242b7bc923126ef526bfceb 404 177 - 1.313 ms[39m
[35m[39m
2024-11-01 19:40:00:400 - [35mhttp[39m: [35mDELETE /api/movie/67242b7bc923126ef526bfceb 404 177 - 4.134 ms[39m
[35m[39m
2024-11-01 19:40:01:401 - [35mhttp[39m: [35mDELETE /api/movie/67242b7bc923126ef526bfceb 404 177 - 1.769 ms[39m
[35m[39m
2024-11-01 19:40:28:4028 - [32minfo[39m: [32mConectou ao banco de dados![39m
2024-11-01 19:40:28:4028 - [32minfo[39m: [32mAplicação está funcionando na porta: 3000[39m
2024-11-01 19:42:26:4226 - [32minfo[39m: [32mConectou ao banco de dados![39m
2024-11-01 19:42:26:4226 - [32minfo[39m: [32mAplicação está funcionando na porta: 3000[39m
2024-11-01 19:42:34:4234 - [32minfo[39m: [32mConectou ao banco de dados![39m
2024-11-01 19:42:34:4234 - [32minfo[39m: [32mAplicação está funcionando na porta: 3000[39m
2024-11-01 19:42:43:4243 - [32minfo[39m: [32mConectou ao banco de dados![39m
2024-11-01 19:42:43:4243 - [32minfo[39m: [32mAplicação está funcionando na porta: 3000[39m
2024-11-01 19:42:57:4257 - [32minfo[39m: [32mConectou ao banco de dados![39m
2024-11-01 19:42:57:4257 - [32minfo[39m: [32mAplicação está funcionando na porta: 3000[39m
2024-11-01 19:43:03:433 - [32minfo[39m: [32mConectou ao banco de dados![39m
2024-11-01 19:43:03:433 - [32minfo[39m: [32mAplicação está funcionando na porta: 3000[39m
2024-11-01 19:43:16:4316 - [32minfo[39m: [32mConectou ao banco de dados![39m
2024-11-01 19:43:16:4316 - [32minfo[39m: [32mAplicação está funcionando na porta: 3000[39m
2024-11-01 19:43:30:4330 - [32minfo[39m: [32mConectou ao banco de dados![39m
2024-11-01 19:43:30:4330 - [32minfo[39m: [32mAplicação está funcionando na porta: 3000[39m
2024-11-01 19:43:33:4333 - [32minfo[39m: [32mConectou ao banco de dados![39m
2024-11-01 19:43:33:4333 - [32minfo[39m: [32mAplicação está funcionando na porta: 3000[39m
2024-11-01 19:43:42:4342 - [32minfo[39m: [32mConectou ao banco de dados![39m
2024-11-01 19:43:42:4342 - [32minfo[39m: [32mAplicação está funcionando na porta: 3000[39m
2024-11-01 19:43:47:4347 - [32minfo[39m: [32mConectou ao banco de dados![39m
2024-11-01 19:43:47:4347 - [32minfo[39m: [32mAplicação está funcionando na porta: 3000[39m
2024-11-01 19:43:58:4358 - [32minfo[39m: [32mConectou ao banco de dados![39m
2024-11-01 19:43:58:4358 - [32minfo[39m: [32mAplicação está funcionando na porta: 3000[39m
2024-11-01 19:44:06:446 - [32minfo[39m: [32mConectou ao banco de dados![39m
2024-11-01 19:44:06:446 - [32minfo[39m: [32mAplicação está funcionando na porta: 3000[39m
2024-11-01 19:44:13:4413 - [32minfo[39m: [32mConectou ao banco de dados![39m
2024-11-01 19:44:13:4413 - [32minfo[39m: [32mAplicação está funcionando na porta: 3000[39m
2024-11-01 19:44:22:4422 - [31merror[39m: [31mErro no sistema: Cast to ObjectId failed for value "67242b7bc923126ef526bfceb" (type string) at path "_id" for model "Movie"[39m
2024-11-01 19:44:27:4427 - [35mhttp[39m: [35mDELETE /api/movie/67242b7bc923126ef526bfceb - - - - ms[39m
[35m[39m
2024-11-01 19:44:28:4428 - [31merror[39m: [31mErro no sistema: Cast to ObjectId failed for value "67242b7bc923126ef526bfceb" (type string) at path "_id" for model "Movie"[39m
2024-11-01 19:44:32:4432 - [35mhttp[39m: [35mDELETE /api/movie/67242b7bc923126ef526bfceb - - - - ms[39m
[35m[39m
2024-11-01 19:44:50:4450 - [32minfo[39m: [32mConectou ao banco de dados![39m
2024-11-01 19:44:50:4450 - [32minfo[39m: [32mAplicação está funcionando na porta: 3000[39m
2024-11-01 19:49:03:493 - [32minfo[39m: [32mConectou ao banco de dados![39m
2024-11-01 19:49:03:493 - [32minfo[39m: [32mAplicação está funcionando na porta: 3000[39m
2024-11-01 19:49:08:498 - [31merror[39m: [31mErro no sistema: Cast to ObjectId failed for value "67242b7bc923126ef526bfceb" (type string) at path "_id" for model "Movie"[39m
2024-11-01 19:50:13:5013 - [32minfo[39m: [32mConectou ao banco de dados![39m
2024-11-01 19:50:13:5013 - [32minfo[39m: [32mAplicação está funcionando na porta: 3000[39m
2024-11-01 19:50:23:5023 - [31merror[39m: [31mErro no sistema: Cast to ObjectId failed for value "67242b7bc923126ef526bfceb" (type string) at path "_id" for model "Movie"[39m
2024-11-01 19:50:37:5037 - [35mhttp[39m: [35mDELETE /api/movie/67242b7bc923126ef526bfceb - - - - ms[39m
[35m[39m
